<?xml version="1.0" encoding="UTF-8"?>
<testsuites name="jest tests" tests="1" failures="0" errors="0" time="83.182">
  <testsuite name="Movies session recommendations test" errors="0" failures="0" skipped="0" timestamp="2026-04-24T11:37:05" time="80.528" tests="1">
    <testcase classname="Movies session recommendations test POST /api/movie/session/next Checking" name="Movies session recommendations test POST /api/movie/session/next Checking" time="7.366">
    </testcase>
  </testsuite>
</testsuites>