<?xml version="1.0" encoding="UTF-8"?>
<testsuites name="jest tests" tests="1" failures="1" errors="0" time="72.56">
  <testsuite name="Movies session recommendations test" errors="0" failures="1" skipped="0" timestamp="2026-04-24T11:31:13" time="69.84" tests="1">
    <testcase classname="Movies session recommendations test POST /api/movie/session/next Checking" name="Movies session recommendations test POST /api/movie/session/next Checking" time="0.408">
      <failure>Error: expect(received).toBe(expected) // Object.is equality

Expected: 200
Received: 500
    at /mnt/c/Users/cross/projects/research/match-it-demo-backend/integration/api-tests/recommendationSystem/movieSessoin.test.ts:88:37
    at Generator.next (&lt;anonymous&gt;)
    at fulfilled (/mnt/c/Users/cross/projects/research/match-it-demo-backend/integration/api-tests/recommendationSystem/movieSessoin.test.ts:38:58)
    at processTicksAndRejections (node:internal/process/task_queues:105:5)</failure>
    </testcase>
  </testsuite>
</testsuites>